
hw8.elf:     file format elf32-avr


Disassembly of section .text:

00000000 <__vectors>:
   0:	0c 94 34 00 	jmp	0x68	; 0x68 <__ctors_end>
   4:	0c 94 3e 00 	jmp	0x7c	; 0x7c <__bad_interrupt>
   8:	0c 94 3e 00 	jmp	0x7c	; 0x7c <__bad_interrupt>
   c:	0c 94 3e 00 	jmp	0x7c	; 0x7c <__bad_interrupt>
  10:	0c 94 3e 00 	jmp	0x7c	; 0x7c <__bad_interrupt>
  14:	0c 94 3e 00 	jmp	0x7c	; 0x7c <__bad_interrupt>
  18:	0c 94 3e 00 	jmp	0x7c	; 0x7c <__bad_interrupt>
  1c:	0c 94 3e 00 	jmp	0x7c	; 0x7c <__bad_interrupt>
  20:	0c 94 3e 00 	jmp	0x7c	; 0x7c <__bad_interrupt>
  24:	0c 94 3e 00 	jmp	0x7c	; 0x7c <__bad_interrupt>
  28:	0c 94 3e 00 	jmp	0x7c	; 0x7c <__bad_interrupt>
  2c:	0c 94 3e 00 	jmp	0x7c	; 0x7c <__bad_interrupt>
  30:	0c 94 3e 00 	jmp	0x7c	; 0x7c <__bad_interrupt>
  34:	0c 94 3e 00 	jmp	0x7c	; 0x7c <__bad_interrupt>
  38:	0c 94 3e 00 	jmp	0x7c	; 0x7c <__bad_interrupt>
  3c:	0c 94 3e 00 	jmp	0x7c	; 0x7c <__bad_interrupt>
  40:	0c 94 3e 00 	jmp	0x7c	; 0x7c <__bad_interrupt>
  44:	0c 94 3e 00 	jmp	0x7c	; 0x7c <__bad_interrupt>
  48:	0c 94 3e 00 	jmp	0x7c	; 0x7c <__bad_interrupt>
  4c:	0c 94 3e 00 	jmp	0x7c	; 0x7c <__bad_interrupt>
  50:	0c 94 3e 00 	jmp	0x7c	; 0x7c <__bad_interrupt>
  54:	0c 94 3e 00 	jmp	0x7c	; 0x7c <__bad_interrupt>
  58:	0c 94 3e 00 	jmp	0x7c	; 0x7c <__bad_interrupt>
  5c:	0c 94 3e 00 	jmp	0x7c	; 0x7c <__bad_interrupt>
  60:	0c 94 3e 00 	jmp	0x7c	; 0x7c <__bad_interrupt>
  64:	0c 94 3e 00 	jmp	0x7c	; 0x7c <__bad_interrupt>

00000068 <__ctors_end>:
  68:	11 24       	eor	r1, r1
  6a:	1f be       	out	0x3f, r1	; 63
  6c:	cf ef       	ldi	r28, 0xFF	; 255
  6e:	d8 e0       	ldi	r29, 0x08	; 8
  70:	de bf       	out	0x3e, r29	; 62
  72:	cd bf       	out	0x3d, r28	; 61
  74:	0e 94 50 00 	call	0xa0	; 0xa0 <main>
  78:	0c 94 56 00 	jmp	0xac	; 0xac <_exit>

0000007c <__bad_interrupt>:
  7c:	0c 94 00 00 	jmp	0	; 0x0 <__vectors>

00000080 <blink>:
  80:	85 b1       	in	r24, 0x05	; 5
  82:	92 e0       	ldi	r25, 0x02	; 2
  84:	89 27       	eor	r24, r25
  86:	85 b9       	out	0x05, r24	; 5
  88:	01 d0       	rcall	.+2      	; 0x8c <delay>
  8a:	08 95       	ret

0000008c <delay>:
  8c:	84 e1       	ldi	r24, 0x14	; 20
  8e:	9f ef       	ldi	r25, 0xFF	; 255
  90:	af ef       	ldi	r26, 0xFF	; 255
  92:	aa 95       	dec	r26
  94:	f1 f7       	brne	.-4      	; 0x92 <delay+0x6>
  96:	9a 95       	dec	r25
  98:	d9 f7       	brne	.-10     	; 0x90 <delay+0x4>
  9a:	8a 95       	dec	r24
  9c:	c1 f7       	brne	.-16     	; 0x8e <delay+0x2>
  9e:	08 95       	ret

000000a0 <main>:
  a0:	02 d0       	rcall	.+4      	; 0xa6 <setup>
  a2:	ee df       	rcall	.-36     	; 0x80 <blink>
  a4:	fe cf       	rjmp	.-4      	; 0xa2 <main+0x2>

000000a6 <setup>:
  a6:	21 9a       	sbi	0x04, 1	; 4
  a8:	29 98       	cbi	0x05, 1	; 5
  aa:	08 95       	ret

000000ac <_exit>:
  ac:	f8 94       	cli

000000ae <__stop_program>:
  ae:	ff cf       	rjmp	.-2      	; 0xae <__stop_program>
